<?xml version="1.0" encoding="UTF-8"?>
<!-- Generated by org.testng.reporters.JUnitReportReporter -->
<testsuite hostname="LAPTOP-L3TO6RHS" name="com.test.automation.uiAutomation.homepage.T006_ITINERARY" tests="1" failures="0" timestamp="29 Nov 2017 19:13:08 GMT" time="15.302" errors="0">
  <testcase name="itineraryCencel" time="15.302" classname="com.test.automation.uiAutomation.homepage.T006_ITINERARY"/>
</testsuite> <!-- com.test.automation.uiAutomation.homepage.T006_ITINERARY -->
