<?xml version="1.0" encoding="UTF-8"?>
<!-- Generated by org.testng.reporters.JUnitReportReporter -->
<testsuite hostname="LAPTOP-L3TO6RHS" name="com.test.automation.uiAutomation.homepage.TCOO4_Hotels" tests="1" failures="0" timestamp="29 Nov 2017 18:27:56 GMT" time="16.061" errors="0">
  <testcase name="testHotels" time="16.061" classname="com.test.automation.uiAutomation.homepage.TCOO4_Hotels"/>
</testsuite> <!-- com.test.automation.uiAutomation.homepage.TCOO4_Hotels -->
