<?xml version="1.0" encoding="UTF-8"?>
<!-- Generated by org.testng.reporters.JUnitReportReporter -->
<testsuite hostname="LAPTOP-L3TO6RHS" name="com.test.automation.uiAutomation.homepage.TC001_VerifyLoginWithInvalidCredentails" tests="1" failures="0" timestamp="22 Nov 2017 18:16:49 GMT" time="14.839" errors="0">
  <testcase name="verifyLoginWithInvalidCredentails" time="14.839" classname="com.test.automation.uiAutomation.homepage.TC001_VerifyLoginWithInvalidCredentails"/>
</testsuite> <!-- com.test.automation.uiAutomation.homepage.TC001_VerifyLoginWithInvalidCredentails -->
