<?xml version="1.0" encoding="UTF-8"?>
<!-- Generated by org.testng.reporters.JUnitReportReporter -->
<testsuite hostname="LAPTOP-L3TO6RHS" name="com.test.automation.uiAutomation.homepage.TC003_VerifyLoginWithValidCredentails" tests="1" failures="0" timestamp="2 Dec 2017 21:30:49 GMT" time="5.047" errors="0">
  <testcase name="verifyLoginWithInvalidCredentails" time="5.047" classname="com.test.automation.uiAutomation.homepage.TC003_VerifyLoginWithValidCredentails"/>
</testsuite> <!-- com.test.automation.uiAutomation.homepage.TC003_VerifyLoginWithValidCredentails -->
