<?xml version="1.0" encoding="UTF-8"?>
<!-- Generated by org.testng.reporters.JUnitReportReporter -->
<testsuite hostname="LAPTOP-L3TO6RHS" name="com.test.automation.uiAutomation.homepage.TC004_BookingTicket" tests="1" failures="0" timestamp="2 Dec 2017 18:24:27 GMT" time="30.678" errors="0">
  <testcase name="TestBookAflight" time="30.678" classname="com.test.automation.uiAutomation.homepage.TC004_BookingTicket"/>
</testsuite> <!-- com.test.automation.uiAutomation.homepage.TC004_BookingTicket -->
