<?xml version="1.0" encoding="UTF-8"?>
<!-- Generated by org.testng.reporters.JUnitReportReporter -->
<testsuite hostname="LAPTOP-L3TO6RHS" name="com.test.automation.uiAutomation.homepage.TC005_Hotels" tests="1" failures="0" timestamp="2 Dec 2017 20:32:59 GMT" time="11.436" errors="0">
  <testcase name="testHotels" time="11.436" classname="com.test.automation.uiAutomation.homepage.TC005_Hotels"/>
</testsuite> <!-- com.test.automation.uiAutomation.homepage.TC005_Hotels -->
