<?xml version="1.0" encoding="UTF-8"?>
<!-- Generated by org.testng.reporters.JUnitReportReporter -->
<testsuite hostname="LAPTOP-L3TO6RHS" name="com.test.automation.uiAutomation.homepage.TC003_BookingTicket" tests="1" failures="0" timestamp="29 Nov 2017 18:04:04 GMT" time="20.548" errors="0">
  <testcase name="TestBookAflight" time="20.548" classname="com.test.automation.uiAutomation.homepage.TC003_BookingTicket"/>
</testsuite> <!-- com.test.automation.uiAutomation.homepage.TC003_BookingTicket -->
