<?xml version="1.0" encoding="UTF-8"?>
<!-- Generated by org.testng.reporters.JUnitReportReporter -->
<testsuite hostname="LAPTOP-L3TO6RHS" name="com.test.automation.uiAutomation.homepage.TC002_VerifyLoginWithDifferentRecords" tests="4" failures="3" timestamp="2 Dec 2017 20:32:59 GMT" time="17.037" errors="0">
  <testcase name="verifyLoginWithDifferentRecords" time="17.029" classname="com.test.automation.uiAutomation.homepage.TC002_VerifyLoginWithDifferentRecords"/>
  <testcase name="verifyLoginWithDifferentRecords" time="0.002" classname="com.test.automation.uiAutomation.homepage.TC002_VerifyLoginWithDifferentRecords">
    <failure type="org.testng.SkipException" message="user marked this record as no run">
      <![CDATA[org.testng.SkipException: user marked this record as no run
	at com.test.automation.uiAutomation.homepage.TC002_VerifyLoginWithDifferentRecords.verifyLoginWithDifferentRecords(TC002_VerifyLoginWithDifferentRecords.java:40)
	at sun.reflect.NativeMethodAccessorImpl.invoke0(Native Method)
	at sun.reflect.NativeMethodAccessorImpl.invoke(NativeMethodAccessorImpl.java:62)
	at sun.reflect.DelegatingMethodAccessorImpl.invoke(DelegatingMethodAccessorImpl.java:43)
	at java.lang.reflect.Method.invoke(Method.java:497)
	at org.testng.internal.MethodInvocationHelper.invokeMethod(MethodInvocationHelper.java:80)
	at org.testng.internal.Invoker.invokeMethod(Invoker.java:714)
	at org.testng.internal.Invoker.invokeTestMethod(Invoker.java:901)
	at org.testng.internal.Invoker.invokeTestMethods(Invoker.java:1231)
	at org.testng.internal.TestMethodWorker.invokeTestMethods(TestMethodWorker.java:127)
	at org.testng.internal.TestMethodWorker.run(TestMethodWorker.java:111)
	at java.util.concurrent.ThreadPoolExecutor.runWorker(ThreadPoolExecutor.java:1142)
	at java.util.concurrent.ThreadPoolExecutor$Worker.run(ThreadPoolExecutor.java:617)
	at java.lang.Thread.run(Thread.java:745)
]]>
    </failure>
  </testcase> <!-- verifyLoginWithDifferentRecords -->
  <testcase name="verifyLoginWithDifferentRecords" time="0.005" classname="com.test.automation.uiAutomation.homepage.TC002_VerifyLoginWithDifferentRecords">
    <failure type="org.testng.SkipException" message="user marked this record as no run">
      <![CDATA[org.testng.SkipException: user marked this record as no run
	at com.test.automation.uiAutomation.homepage.TC002_VerifyLoginWithDifferentRecords.verifyLoginWithDifferentRecords(TC002_VerifyLoginWithDifferentRecords.java:40)
	at sun.reflect.NativeMethodAccessorImpl.invoke0(Native Method)
	at sun.reflect.NativeMethodAccessorImpl.invoke(NativeMethodAccessorImpl.java:62)
	at sun.reflect.DelegatingMethodAccessorImpl.invoke(DelegatingMethodAccessorImpl.java:43)
	at java.lang.reflect.Method.invoke(Method.java:497)
	at org.testng.internal.MethodInvocationHelper.invokeMethod(MethodInvocationHelper.java:80)
	at org.testng.internal.Invoker.invokeMethod(Invoker.java:714)
	at org.testng.internal.Invoker.invokeTestMethod(Invoker.java:901)
	at org.testng.internal.Invoker.invokeTestMethods(Invoker.java:1231)
	at org.testng.internal.TestMethodWorker.invokeTestMethods(TestMethodWorker.java:127)
	at org.testng.internal.TestMethodWorker.run(TestMethodWorker.java:111)
	at java.util.concurrent.ThreadPoolExecutor.runWorker(ThreadPoolExecutor.java:1142)
	at java.util.concurrent.ThreadPoolExecutor$Worker.run(ThreadPoolExecutor.java:617)
	at java.lang.Thread.run(Thread.java:745)
]]>
    </failure>
  </testcase> <!-- verifyLoginWithDifferentRecords -->
  <testcase name="verifyLoginWithDifferentRecords" time="0.001" classname="com.test.automation.uiAutomation.homepage.TC002_VerifyLoginWithDifferentRecords">
    <failure type="org.testng.SkipException" message="user marked this record as no run">
      <![CDATA[org.testng.SkipException: user marked this record as no run
	at com.test.automation.uiAutomation.homepage.TC002_VerifyLoginWithDifferentRecords.verifyLoginWithDifferentRecords(TC002_VerifyLoginWithDifferentRecords.java:40)
	at sun.reflect.NativeMethodAccessorImpl.invoke0(Native Method)
	at sun.reflect.NativeMethodAccessorImpl.invoke(NativeMethodAccessorImpl.java:62)
	at sun.reflect.DelegatingMethodAccessorImpl.invoke(DelegatingMethodAccessorImpl.java:43)
	at java.lang.reflect.Method.invoke(Method.java:497)
	at org.testng.internal.MethodInvocationHelper.invokeMethod(MethodInvocationHelper.java:80)
	at org.testng.internal.Invoker.invokeMethod(Invoker.java:714)
	at org.testng.internal.Invoker.invokeTestMethod(Invoker.java:901)
	at org.testng.internal.Invoker.invokeTestMethods(Invoker.java:1231)
	at org.testng.internal.TestMethodWorker.invokeTestMethods(TestMethodWorker.java:127)
	at org.testng.internal.TestMethodWorker.run(TestMethodWorker.java:111)
	at java.util.concurrent.ThreadPoolExecutor.runWorker(ThreadPoolExecutor.java:1142)
	at java.util.concurrent.ThreadPoolExecutor$Worker.run(ThreadPoolExecutor.java:617)
	at java.lang.Thread.run(Thread.java:745)
]]>
    </failure>
  </testcase> <!-- verifyLoginWithDifferentRecords -->
</testsuite> <!-- com.test.automation.uiAutomation.homepage.TC002_VerifyLoginWithDifferentRecords -->
