<?xml version="1.0" encoding="UTF-8"?>
<!-- Generated by org.testng.reporters.JUnitReportReporter -->
<testsuite hostname="LAPTOP-L3TO6RHS" name="com.test.automation.uiAutomation.homepage.TC006_ITINERARY" tests="1" failures="0" timestamp="2 Dec 2017 20:32:58 GMT" time="16.996" errors="0">
  <testcase name="itineraryCencel" time="16.996" classname="com.test.automation.uiAutomation.homepage.TC006_ITINERARY"/>
</testsuite> <!-- com.test.automation.uiAutomation.homepage.TC006_ITINERARY -->
